<?xml version="1.0" encoding="UTF-8"?>
<testsuite xmlns:xsi="http://www.w3.org/2001/XMLSchema-instance" xsi:noNamespaceSchemaLocation="https://maven.apache.org/surefire/maven-surefire-plugin/xsd/surefire-test-report.xsd" version="3.0.2" name="TestSuite" time="130.203" tests="2" errors="0" skipped="0" failures="0">
  <properties>
[...]
</properties>
  <testcase name="verify_Login" classname="testCase.TC002_LoginTest" time="1.734">
    <system-err><![CDATA[2025-11-18T16:45:09.911003Z main INFO Starting configuration XmlConfiguration[location=/Users/subashzara/Desktop/OpenCart/OpenCart001/target/test-classes/Log4j2.xml, lastModified=2025-11-18T08:58:02.397Z]...
2025-11-18T16:45:09.912357Z main INFO Configuration XmlConfiguration[location=/Users/subashzara/Desktop/OpenCart/OpenCart001/target/test-classes/Log4j2.xml, lastModified=2025-11-18T08:58:02.397Z] started.
2025-11-18T16:45:09.914Z main INFO Stopping configuration org.apache.logging.log4j.core.config.DefaultConfiguration@5f9678e1...
2025-11-18T16:45:09.914302Z main INFO Configuration org.apache.logging.log4j.core.config.DefaultConfiguration@5f9678e1 stopped.
Nov 18, 2025 10:15:09 PM org.openqa.selenium.remote.tracing.opentelemetry.OpenTelemetryTracer createTracer
INFO: Using OpenTelemetry for tracing
]]></system-err>
  </testcase>
  <testcase name="verify_account_Registration" classname="testCase.TC001_AccountRegistarionTest" time="2.593"/>
</testsuite>