<?xml version="1.0" encoding="UTF-8"?>
<testng-results ignored="0" total="2" passed="2" failed="0" skipped="0">
  <reporter-output>
  </reporter-output>
  <suite started-at="2025-11-18T22:15:09 IST" name="MasterSuite" finished-at="2025-11-18T22:17:18 IST" duration-ms="129310">
    <groups>
      <group name="Master">
        <method signature="TC001_AccountRegistarionTest.verify_account_Registration()[pri:0, instance:testCase.TC001_AccountRegistarionTest@6b927fb]" name="verify_account_Registration" class="testCase.TC001_AccountRegistarionTest"/>
        <method signature="TC002_LoginTest.verify_Login()[pri:0, instance:testCase.TC002_LoginTest@4f18837a]" name="verify_Login" class="testCase.TC002_LoginTest"/>
      </group> <!-- Master -->
      <group name="Sanity">
        <method signature="TC002_LoginTest.verify_Login()[pri:0, instance:testCase.TC002_LoginTest@4f18837a]" name="verify_Login" class="testCase.TC002_LoginTest"/>
      </group> <!-- Sanity -->
      <group name="Regression">
        <method signature="TC001_AccountRegistarionTest.verify_account_Registration()[pri:0, instance:testCase.TC001_AccountRegistarionTest@6b927fb]" name="verify_account_Registration" class="testCase.TC001_AccountRegistarionTest"/>
      </group> <!-- Regression -->
    </groups>
    <test started-at="2025-11-18T22:15:09 IST" name="LinuxChromeTest" finished-at="2025-11-18T22:17:18 IST" duration-ms="129310">
      <class name="testCase.TC002_LoginTest">
        <test-method is-config="true" signature="setup(java.lang.String,java.lang.String)[pri:0, instance:testCase.TC002_LoginTest@4f18837a]" started-at="2025-11-18T22:15:09 IST" name="setup" finished-at="2025-11-18T22:15:17 IST" duration-ms="7834" status="PASS">
          <params>
            <param index="0">
              <value>
                <![CDATA[Linux]]>
              </value>
            </param>
            <param index="1">
              <value>
                <![CDATA[Chrome]]>
              </value>
            </param>
          </params>
          <reporter-output>
          </reporter-output>
        </test-method> <!-- setup -->
        <test-method signature="verify_Login()[pri:0, instance:testCase.TC002_LoginTest@4f18837a]" started-at="2025-11-18T22:15:17 IST" name="verify_Login" finished-at="2025-11-18T22:15:19 IST" duration-ms="1734" status="PASS">
          <reporter-output>
          </reporter-output>
        </test-method> <!-- verify_Login -->
        <test-method is-config="true" signature="tearDown()[pri:0, instance:testCase.TC002_LoginTest@4f18837a]" started-at="2025-11-18T22:15:19 IST" name="tearDown" finished-at="2025-11-18T22:15:19 IST" duration-ms="150" status="PASS">
          <reporter-output>
          </reporter-output>
        </test-method> <!-- tearDown -->
      </class> <!-- testCase.TC002_LoginTest -->
      <class name="testCase.TC001_AccountRegistarionTest">
        <test-method is-config="true" signature="setup(java.lang.String,java.lang.String)[pri:0, instance:testCase.TC001_AccountRegistarionTest@6b927fb]" started-at="2025-11-18T22:15:19 IST" name="setup" finished-at="2025-11-18T22:17:16 IST" duration-ms="116704" status="PASS">
          <params>
            <param index="0">
              <value>
                <![CDATA[Linux]]>
              </value>
            </param>
            <param index="1">
              <value>
                <![CDATA[Chrome]]>
              </value>
            </param>
          </params>
          <reporter-output>
          </reporter-output>
        </test-method> <!-- setup -->
        <test-method signature="verify_account_Registration()[pri:0, instance:testCase.TC001_AccountRegistarionTest@6b927fb]" started-at="2025-11-18T22:17:16 IST" name="verify_account_Registration" finished-at="2025-11-18T22:17:18 IST" duration-ms="2594" status="PASS">
          <reporter-output>
          </reporter-output>
        </test-method> <!-- verify_account_Registration -->
        <test-method is-config="true" signature="tearDown()[pri:0, instance:testCase.TC001_AccountRegistarionTest@6b927fb]" started-at="2025-11-18T22:17:18 IST" name="tearDown" finished-at="2025-11-18T22:17:18 IST" duration-ms="105" status="PASS">
          <reporter-output>
          </reporter-output>
        </test-method> <!-- tearDown -->
      </class> <!-- testCase.TC001_AccountRegistarionTest -->
    </test> <!-- LinuxChromeTest -->
  </suite> <!-- MasterSuite -->
</testng-results>
