<?xml version="1.0" encoding="UTF-8"?>
<testng-results ignored="0" total="2" passed="2" failed="0" skipped="0">
  <reporter-output>
  </reporter-output>
  <suite started-at="2025-11-18T23:35:33 IST" name="MasterSuite" finished-at="2025-11-18T23:35:44 IST" duration-ms="10092">
    <groups>
      <group name="Master">
        <method signature="TC001_AccountRegistarionTest.verify_account_Registration()[pri:0, instance:testCase.TC001_AccountRegistarionTest@139982de]" name="verify_account_Registration" class="testCase.TC001_AccountRegistarionTest"/>
        <method signature="TC002_LoginTest.verify_Login()[pri:0, instance:testCase.TC002_LoginTest@1f2586d6]" name="verify_Login" class="testCase.TC002_LoginTest"/>
      </group> <!-- Master -->
      <group name="Sanity">
        <method signature="TC002_LoginTest.verify_Login()[pri:0, instance:testCase.TC002_LoginTest@1f2586d6]" name="verify_Login" class="testCase.TC002_LoginTest"/>
      </group> <!-- Sanity -->
      <group name="Regression">
        <method signature="TC001_AccountRegistarionTest.verify_account_Registration()[pri:0, instance:testCase.TC001_AccountRegistarionTest@139982de]" name="verify_account_Registration" class="testCase.TC001_AccountRegistarionTest"/>
      </group> <!-- Regression -->
    </groups>
    <test started-at="2025-11-18T23:35:33 IST" name="LinuxChromeTest" finished-at="2025-11-18T23:35:44 IST" duration-ms="10092">
      <class name="testCase.TC002_LoginTest">
        <test-method is-config="true" signature="setup(java.lang.String,java.lang.String)[pri:0, instance:testCase.TC002_LoginTest@1f2586d6]" started-at="2025-11-18T23:35:34 IST" name="setup" finished-at="2025-11-18T23:35:39 IST" duration-ms="5106" status="PASS">
          <params>
            <param index="0">
              <value>
                <![CDATA[Linux]]>
              </value>
            </param>
            <param index="1">
              <value>
                <![CDATA[Chrome]]>
              </value>
            </param>
          </params>
          <reporter-output>
          </reporter-output>
        </test-method> <!-- setup -->
        <test-method signature="verify_Login()[pri:0, instance:testCase.TC002_LoginTest@1f2586d6]" started-at="2025-11-18T23:35:39 IST" name="verify_Login" finished-at="2025-11-18T23:35:40 IST" duration-ms="1204" status="PASS">
          <reporter-output>
          </reporter-output>
        </test-method> <!-- verify_Login -->
        <test-method is-config="true" signature="tearDown()[pri:0, instance:testCase.TC002_LoginTest@1f2586d6]" started-at="2025-11-18T23:35:40 IST" name="tearDown" finished-at="2025-11-18T23:35:40 IST" duration-ms="168" status="PASS">
          <reporter-output>
          </reporter-output>
        </test-method> <!-- tearDown -->
      </class> <!-- testCase.TC002_LoginTest -->
      <class name="testCase.TC001_AccountRegistarionTest">
        <test-method is-config="true" signature="setup(java.lang.String,java.lang.String)[pri:0, instance:testCase.TC001_AccountRegistarionTest@139982de]" started-at="2025-11-18T23:35:40 IST" name="setup" finished-at="2025-11-18T23:35:42 IST" duration-ms="2047" status="PASS">
          <params>
            <param index="0">
              <value>
                <![CDATA[Linux]]>
              </value>
            </param>
            <param index="1">
              <value>
                <![CDATA[Chrome]]>
              </value>
            </param>
          </params>
          <reporter-output>
          </reporter-output>
        </test-method> <!-- setup -->
        <test-method signature="verify_account_Registration()[pri:0, instance:testCase.TC001_AccountRegistarionTest@139982de]" started-at="2025-11-18T23:35:42 IST" name="verify_account_Registration" finished-at="2025-11-18T23:35:43 IST" duration-ms="1347" status="PASS">
          <reporter-output>
          </reporter-output>
        </test-method> <!-- verify_account_Registration -->
        <test-method is-config="true" signature="tearDown()[pri:0, instance:testCase.TC001_AccountRegistarionTest@139982de]" started-at="2025-11-18T23:35:43 IST" name="tearDown" finished-at="2025-11-18T23:35:44 IST" duration-ms="69" status="PASS">
          <reporter-output>
          </reporter-output>
        </test-method> <!-- tearDown -->
      </class> <!-- testCase.TC001_AccountRegistarionTest -->
    </test> <!-- LinuxChromeTest -->
  </suite> <!-- MasterSuite -->
</testng-results>
