<?xml version="1.0" encoding="UTF-8"?>
<!-- Generated by org.testng.reporters.JUnitReportReporter -->
<testsuite hostname="Subashs-MacBook-Air.local" failures="0" tests="2" name="testCase.TC001_AccountRegistarionTest" time="4.145" errors="0" timestamp="2025-11-18T21:25:58 IST" skipped="0">
  <testcase classname="testCase.TC001_AccountRegistarionTest" name="verify_account_Registration" time="2.421"/>
  <testcase classname="testCase.TC001_AccountRegistarionTest" name="verify_account_Registration" time="1.724"/>
</testsuite> <!-- testCase.TC001_AccountRegistarionTest -->
