<?xml version="1.0" encoding="UTF-8"?>
<!-- Generated by org.testng.reporters.JUnitXMLReporter -->
<testsuite ignored="0" hostname="Subashs-MacBook-Air.local" failures="0" tests="2" name="LinuxChromeTest" time="10.092" errors="0" timestamp="2025-11-18T23:35:44 IST">
  <testcase classname="testCase.TC002_LoginTest" name="verify_Login" time="1.204"/>
  <testcase classname="testCase.TC001_AccountRegistarionTest" name="verify_account_Registration" time="1.347"/>
</testsuite> <!-- LinuxChromeTest -->
